0:100  0:100  MemLog inited, TSC freq: 2494334715
0:100  0:000  CPU was calibrated with ACPI PM Timer
0:100  0:000  CloverX64 : Image base = 0xBA213000
0:100  0:000  Clover ImageHandle = c1d33898
0:109  0:009  === [ Starting Clover ] =========================
0:109  0:000  Now is 17.10.2022,  00:15:21 (GMT)
0:109  0:000  Starting Clover revision: 5146 (master, commit 04e42c09e) on Phoenix Technologies Ltd. EFI
0:109  0:000  Build id: 20220503063854-04e42c0
0:109  0:000  Build with: [Args: -D NO_GRUB_DRIVERS_EMBEDDED -D LESS_DEBUG -t GCC53 | --cmd-len=50000 -D NO_GRUB_DRIVERS_EMBEDDED -D LESS_DEBUG -D USE_LOW_EBDA -a X64 -b RELEASE -t GCC53 -n 25 | OS: 12.3.1]
0:109  0:000  === [ Get Smbios ] ==============================
0:109  0:000  Type 16 Index = 0
0:109  0:000  Total Memory Slots Count = 4
0:109  0:000  Type 17 Index = 0
0:109  0:000  SmbiosTable.Type17->SlotIndex = 0
0:109  0:000  SmbiosTable.Type17->ModuleSize = 4096MB
0:109  0:000  SmbiosTable.Type17->Type = 0
0:109  0:000  SmbiosTable.Type17->Frequency = 1333MHz
0:109  0:000  SmbiosTable.Type17->Bank/Device = BANK 0 ChannelA-DIMM0
0:109  0:000  SmbiosTable.Type17->Vendor = 0194
0:109  0:000  SmbiosTable.Type17->SerialNo = 0441B42C
0:109  0:000  SmbiosTable.Type17->PartNo = SH564128FH8NZPHSCR
0:109  0:000  Type 17 Index = 1
0:109  0:000  Ignoring insane frequency value 0MHz
0:109  0:000  Type 17 Index = 2
0:109  0:000  SmbiosTable.Type17->SlotIndex = 2
0:109  0:000  SmbiosTable.Type17->ModuleSize = 4096MB
0:109  0:000  SmbiosTable.Type17->Type = 0
0:109  0:000  SmbiosTable.Type17->Frequency = 1333MHz
0:109  0:000  SmbiosTable.Type17->Bank/Device = BANK 2 ChannelB-DIMM0
0:109  0:000  SmbiosTable.Type17->Vendor = Hynix/Hyundai
0:109  0:000  SmbiosTable.Type17->SerialNo = 592121FF
0:109  0:000  SmbiosTable.Type17->PartNo = HMT351S6BFR8C-H9
0:109  0:000  Type 17 Index = 3
0:109  0:000  Ignoring insane frequency value 0MHz
0:109  0:000  Boot status=0
0:109  0:000  Running on: '300E4C_300E5C_300E7C' with board 'NP300E4C-AD5BR'
0:109  0:000  === [ GetCPUProperties ] ========================
0:109  0:000  CPU Vendor = 756E6547 Model=306A9
0:109  0:000   The CPU supported SSE4.1
0:109  0:000   The CPU supported RDRAND
0:109  0:000  BrandString = Intel(R) Core(TM) i5-3210M CPU @ 2.50GHz
0:109  0:000   The CPU supported turbo
0:109  0:000   Energy PerfBias is  visible:
0:109  0:000  MSR 0x35               20004
0:109  0:000  MSR 0xE2 before patch 1E008404
0:109  0:000  MSR 0xE2 is locked, PM patches will be turned on
0:109  0:000  MSR 0xCE              00080C10_E0011900
0:109  0:000  corrected FLEX_RATIO = 100000
0:109  0:000  MSR 0x1B0             00000000
0:109  0:000  FSBFrequency = 100 MHz, DMI FSBFrequency = 100 MHz, Corrected FSBFrequency = 100 MHz
0:109  0:000  MaxDiv/MinDiv: 25.0/12
0:109  0:000  Turbo: 29/29/29/31
0:109  0:000  Features: 0x75BAE3BFBFEBFBFF
0:109  0:000  Threads: 4
0:109  0:000  Cores: 2
0:109  0:000  FSB: 100 MHz
0:109  0:000  CPU: 2500 MHz
0:109  0:000  TSC: 2500 MHz
0:109  0:000  PIS: 100 MHz
0:109  0:000  ExternalClock: 25 MHz
0:109  0:000  === [ GetDevices ] ==============================
0:109  0:000  Found more than one GOP protocol ??? Using the first one
0:109  0:000  GOP found at: 
0:109  0:000  PCI (00|00:02.00) : 8086 0166 class=030000
0:109  0:000   - GFX: Model=Intel HD Graphics 4000 (Intel)
0:109  0:000  PCI (00|00:1C.00) : 8086 1E10 class=060400
0:109  0:000  PCI (00|01:00.00) : 168C 0032 class=028000
0:109  0:000   - WIFI: Vendor= Atheros
0:109  0:000  PCI (00|00:1F.00) : 8086 1E5D class=060100
0:109  0:000  PCI (00|00:1D.00) : 8086 1E26 class=0C0320
0:109  0:000  PCI (00|00:1A.00) : 8086 1E2D class=0C0320
0:109  0:000  PCI (00|00:00.00) : 8086 0154 class=060000
0:109  0:000  PCI (00|00:16.00) : 8086 1E3A class=078000
0:109  0:000  PCI (00|00:16.01) : FFFF FFFF class=FFFFFF
0:109  0:000  PCI (00|00:1B.00) : 8086 1E20 class=040300
0:109  0:000  PCI (00|00:1C.03) : 8086 1E16 class=060400
0:109  0:000  PCI (00|02:00.00) : 10EC 8168 class=020000
0:109  0:000   - LAN: 1 Vendor=Realtek
0:109  0:000  Legacy MAC address of LAN #0= 50:B7:C3:3F:DB:08:
0:109  0:000  PCI (00|00:1F.02) : 8086 1E03 class=010601
0:109  0:000  PCI (00|00:1F.03) : 8086 1E22 class=0C0500
0:109  0:000  PCI (00|00:1F.06) : FFFF FFFF class=FFFFFF
0:110  0:000  _checkOEMPath Look for oem dir at path '\EFI\CLOVER\OEM\300E4C_300E5C_300E7C--50-B7-C3-3F-DB-08'. Dir doesn't exist.
0:110  0:000  _checkOEMPath Look for oem dir at path '\EFI\CLOVER\OEM\NP300E4C-AD5BR\UEFI'. Dir doesn't exist.
0:110  0:000  _checkOEMPath Look for oem dir at path '\EFI\CLOVER\OEM\300E4C_300E5C_300E7C'. Dir doesn't exist.
0:110  0:000  _checkOEMPath Look for oem dir at path '\EFI\CLOVER\OEM\300E4C_300E5C_300E7C-2500'. Dir doesn't exist.
0:110  0:000  _checkOEMPath Look for oem dir at path '\EFI\CLOVER\OEM\NP300E4C-AD5BR'. Dir doesn't exist.
0:110  0:000  _checkOEMPath Look for oem dir at path '\EFI\CLOVER\OEM\NP300E4C-AD5BR-2500'. Dir doesn't exist.
0:110  0:000  === [ GetUserSettings ] =========================
0:110  0:000  GetDefaultModel()=MacBookAir5,2
0:111  0:001  Using config.plist at path: \EFI\CLOVER
0:112  0:000  Cannot find smbios.plist at path '\EFI\CLOVER' : Not Found
0:112  0:000  '\EFI\CLOVER\smbios.plist' not loaded. Efi error Not Found
0:112  0:000  Using latest BiosVersion from config instead of default 'MBP114.88Z.F000.B00.2106131816'
0:112  0:000  Using latest BiosReleaseDate from config instead of default '06/13/2021'
0:112  0:000  Using latest EfiVersion from config instead of default '427.140.8.0.0'
0:112  0:000  BiosVersion: MBP114.88Z.F000.B00.2110271808
0:112  0:000  BiosReleaseDate: 10/27/2021
0:112  0:000  EfiVersion: 428.60.3.0.0
0:113  0:000  Calibrated TSC Frequency = 2494334715 = 2494MHz
0:113  0:000  GOP found at: 
0:113  0:000  === [ GetListOfThemes ] =========================
0:114  0:001  - [00]: MACOSX
0:114  0:000  === [ Found config plists ] =====================
0:114  0:000  - config3.plist
0:114  0:000  - config2.plist
0:114  0:000  - config.plist
0:114  0:000  === [ LoadDrivers ] =============================
0:115  0:000  Loading HFSPlus.efi status=Success
0:117  0:001   - driver needs connecting
0:117  0:000  Loading ApfsDriverLoader.efi status=Success
0:117  0:000   - driver needs connecting
0:117  0:000  2 drivers needs connecting ...
0:117  0:000  PlatformDriverOverrideProtocol not found. Installing ... Success
0:117  0:000  HFS+ driver loaded
0:117  0:000  APFS driver loaded
0:117  0:000  Searching for invalid DiskIo BY_DRIVER connects: not found, all ok
0:541  0:423  === [ InitScreen ] ==============================
0:541  0:000  Console modes reported: 6, available modes:
0:541  0:000   - [01]: 80x25
0:541  0:000   - [03]: 128x40 (current mode)
0:541  0:000   - [04]: 80x25
0:541  0:000   - [05]: 100x31
0:541  0:000   - [06]: 170x40
0:541  0:000  SetMaxResolution: found best mode 3: 1366x768
0:744  0:203  Video mode change to mode #3: Success
0:744  0:000   - set
0:745  0:001  Using embedded font
0:746  0:000  === [ ScanSPD ] =================================
0:747  0:000  Scanning SMBus [8086:1E22], mmio: 0xF0604004, ioport: 0xEFA0, hostc: 0x1
0:765  0:018  Not using XMP because it is not present
0:765  0:000  Slot: 0 Type 24 4096MB 1333MHz Vendor=Smart Modular PartNo=SH564128FH8NZPHSCR SerialNo=0441B42C
0:785  0:019  Not using XMP because it is not present
0:785  0:000  Slot: 2 Type 24 4096MB 1333MHz Vendor=SK Hynix PartNo=HMT351S6BFR8C-H9N0 SerialNo=592121FF
0:785  0:000  === [ GetAcpiTablesList ] =======================
0:785  0:000  Get Acpi Tables List from RSDT:
0:785  0:000   - [00]: FACP  LH43STAR len=116
0:785  0:000   - [01]: SLIC  LH43STAR len=374
0:785  0:000   - [02]: SSDT  PtidDevc len=4200
0:785  0:000   - [03]: ASF!  LH43STAR len=165
0:785  0:000   - [04]: HPET  LH43STAR len=56
0:785  0:000   - [05]: APIC  LH43STAR len=152
0:785  0:000   - [06]: MCFG  LH43STAR len=60
0:785  0:000   - [07]: FPDT  LH43STAR len=100
0:785  0:000   - [08]: SSDT  Cpu0Ist len=2442
0:785  0:000   - [09]: SSDT  CpuPm len=2741
0:785  0:000   - [10]: UEFI  COMBUF len=66
0:785  0:000   - [11]: MSDM  LH43STAR len=85
0:785  0:000   - [12]: UEFI  LH43STAR len=62
0:785  0:000   - [13]: UEFI  LH43STAR len=558
0:785  0:000   - [14]: BGRT  LH43STAR len=56
0:786  0:000   - [00]: Drop table : DMAR,                0 :  no
0:786  0:000   - [01]: Drop table : SSDT,       6d50757043 :  yes
0:786  0:000   - [02]: Drop table : SSDT,   74734930757043 :  yes
0:786  0:000  Custom boot CUSTOM_BOOT_USER_DISABLED (0x0)
0:786  0:000  Default theme: MACOSX
0:787  0:001  === [ Found DSDT tables ] =======================
0:787  0:000  - DSDT.aml
0:787  0:000  === [ InitKextList ] ============================
0:840  0:052  === [ ScanVolumes ] =============================
0:840  0:000  Found 16 volumes with blockIO
0:840  0:000  - [00]: Volume: PciRoot(0x0)\Pci(0x1F,0x2)\Sata(0x0,0x0,0x0)
0:841  0:000  - [01]: Volume: PciRoot(0x0)\Pci(0x1F,0x2)\Sata(0x2,0x0,0x0)
0:868  0:027  - [02]: Volume: PciRoot(0x0)\Pci(0x1F,0x2)\Sata(0x2,0x0,0x0)\HD(1,GPT,58EB31AD-D561-4FAF-877C-029BF2E1A77D,0x800,0x32000)
0:878  0:009          Result of bootcode detection: bootable Windows (vista,win)
0:891  0:012            label : EFI
0:891  0:000  - [03]: Volume: PciRoot(0x0)\Pci(0x1F,0x2)\Sata(0x2,0x0,0x0)\HD(2,GPT,0C8F066E-AA2A-4B9F-A51C-4E2EF9942D33,0x32800,0x8000)
0:898  0:007  - [04]: Volume: PciRoot(0x0)\Pci(0x1F,0x2)\Sata(0x2,0x0,0x0)\HD(3,GPT,5AFAEE0A-D52F-4DF9-8D21-42048A39A99C,0x3A800,0x1E74906E)
0:909  0:010          Result of bootcode detection: bootable Windows (vista,win)
0:909  0:000  - [05]: Volume: PciRoot(0x0)\Pci(0x1F,0x2)\Sata(0x2,0x0,0x0)\HD(4,GPT,48862FCE-1EAD-4C24-9E8B-3EC9E886B618,0x1E784000,0xFE000)
0:930  0:021          Result of bootcode detection: bootable Windows (vista,win)
0:930  0:000  - [06]: Volume: PciRoot(0x0)\Pci(0x1F,0x2)\Sata(0x0,0x0,0x0)\HD(1,GPT,EB9BB944-4AA2-4B67-A46D-6F22FA89A199,0x28,0x64000)
0:931  0:000          Result of bootcode detection: bootable unknown (legacy)
0:931  0:000            label : EFI
0:931  0:000          This is SelfVolume !!
0:931  0:000  - [07]: Volume: PciRoot(0x0)\Pci(0x1F,0x2)\Sata(0x0,0x0,0x0)\HD(2,GPT,420E7C8A-9F56-42CA-BBEC-8F0D49072C7E,0x64028,0xDF30B60)
0:932  0:000          Result of bootcode detection: bootable unknown (legacy)
0:932  0:000  - [08]: Volume: PciRoot(0x0)\Pci(0x1F,0x2)\Sata(0x0,0x0,0x0)\HD(2,GPT,420E7C8A-9F56-42CA-BBEC-8F0D49072C7E,0x64028,0xDF30B60)\VenMedia(BE74FCF7-0B7C-49F3-9147-01F4042E6842,1222E09EF5E9104AB2320B9CD8B1ACD0)
0:932  0:000            apfsFileSystemUUID=9EE02212-E9F5-4A10-B232-0B9CD8B1ACD0, ApfsContainerUUID=694508CF-09E2-47EE-A382-7DC67ECC883A, ApfsRole=0x10
0:933  0:001            label : Preboot
0:933  0:000  - [09]: Volume: PciRoot(0x0)\Pci(0x1F,0x2)\Sata(0x0,0x0,0x0)\HD(2,GPT,420E7C8A-9F56-42CA-BBEC-8F0D49072C7E,0x64028,0xDF30B60)\VenMedia(BE74FCF7-0B7C-49F3-9147-01F4042E6842,0FC800325F6CE8459E9154CCFA7BC0BF)
0:933  0:000            apfsFileSystemUUID=3200C80F-6C5F-45E8-9E91-54CCFA7BC0BF, ApfsContainerUUID=694508CF-09E2-47EE-A382-7DC67ECC883A, ApfsRole=0x40
0:946  0:013            label : Mac Os - Dados
0:946  0:000  - [10]: Volume: PciRoot(0x0)\Pci(0x1F,0x2)\Sata(0x0,0x0,0x0)\HD(2,GPT,420E7C8A-9F56-42CA-BBEC-8F0D49072C7E,0x64028,0xDF30B60)\VenMedia(BE74FCF7-0B7C-49F3-9147-01F4042E6842,F66801D7F61FCF49AE318A9E79344451)
0:946  0:000            apfsFileSystemUUID=D70168F6-1FF6-49CF-AE31-8A9E79344451, ApfsContainerUUID=694508CF-09E2-47EE-A382-7DC67ECC883A, ApfsRole=0x4
0:946  0:000            label : Recovery
0:946  0:000  - [11]: Volume: PciRoot(0x0)\Pci(0x1F,0x2)\Sata(0x0,0x0,0x0)\HD(2,GPT,420E7C8A-9F56-42CA-BBEC-8F0D49072C7E,0x64028,0xDF30B60)\VenMedia(BE74FCF7-0B7C-49F3-9147-01F4042E6842,14E7EDCCDD96524FA66BDA6D4C4CA9D1)
0:947  0:000            apfsFileSystemUUID=CCEDE714-96DD-4F52-A66B-DA6D4C4CA9D1, ApfsContainerUUID=694508CF-09E2-47EE-A382-7DC67ECC883A, ApfsRole=0x8
0:947  0:000            label : VM
0:947  0:000  - [12]: Volume: PciRoot(0x0)\Pci(0x1F,0x2)\Sata(0x0,0x0,0x0)\HD(2,GPT,420E7C8A-9F56-42CA-BBEC-8F0D49072C7E,0x64028,0xDF30B60)\VenMedia(BE74FCF7-0B7C-49F3-9147-01F4042E6842,2D9E76BFDEF9D541A0DA8DA905B37EAD)
0:947  0:000            apfsFileSystemUUID=BF769E2D-F9DE-41D5-A0DA-8DA905B37EAD, ApfsContainerUUID=694508CF-09E2-47EE-A382-7DC67ECC883A, ApfsRole=0x1
0:951  0:004            label : Mac Os
0:951  0:000  - [13]: Volume: PciRoot(0x0)\Pci(0x1F,0x2)\Sata(0x0,0x0,0x0)\HD(2,GPT,420E7C8A-9F56-42CA-BBEC-8F0D49072C7E,0x64028,0xDF30B60)\VenMedia(BE74FCF7-0B7C-49F3-9147-01F4042E6842,0AE2AA5E1440BD46A57868A15CD9A7C9)
0:951  0:000            apfsFileSystemUUID=5EAAE20A-4014-46BD-A578-68A15CD9A7C9, ApfsContainerUUID=694508CF-09E2-47EE-A382-7DC67ECC883A, ApfsRole=0xc0
0:952  0:001            label : Update
0:952  0:000  - [14]: Volume: PciRoot(0x0)\Pci(0x1F,0x2)\Sata(0x0,0x0,0x0)\HD(2,GPT,420E7C8A-9F56-42CA-BBEC-8F0D49072C7E,0x64028,0xDF30B60)\VenMedia(BE74FCF7-0B7C-49F3-9147-01F4042E6842,F3990D53EFB2384E810F50EC9420C9AF)
0:952  0:000            apfsFileSystemUUID=530D99F3-B2EF-4E38-810F-50EC9420C9AF, ApfsContainerUUID=694508CF-09E2-47EE-A382-7DC67ECC883A, ApfsRole=0x40
0:953  0:000            label : Homolog - Data
0:953  0:000  - [15]: Volume: PciRoot(0x0)\Pci(0x1F,0x2)\Sata(0x0,0x0,0x0)\HD(2,GPT,420E7C8A-9F56-42CA-BBEC-8F0D49072C7E,0x64028,0xDF30B60)\VenMedia(BE74FCF7-0B7C-49F3-9147-01F4042E6842,D9B5B7A1969BE340ADE3F3AFD48E1345)
0:953  0:000            apfsFileSystemUUID=A1B7B5D9-9B96-40E3-ADE3-F3AFD48E1345, ApfsContainerUUID=694508CF-09E2-47EE-A382-7DC67ECC883A, ApfsRole=0x1
0:963  0:010            label : Homolog
0:963  0:000  No AudioIoProtocols, status=Not Found
0:963  0:000  === [ InitXTheme ] ==============================
0:963  0:000  use Daylight theme
0:965  0:002  Using theme 'MACOSX' (MACOSX)
0:965  0:000  chosen theme MACOSX
0:965  0:000  OS main and drive as badge
1:005  0:039  sound play end with status=Device Error
1:007  0:001  theme inited
1:007  0:000  Chosen theme MACOSX
1:007  0:000  found boot-args in NVRAM:, size=1
1:007  0:000  after NVRAM boot-args=watchdog=0 alcid=55 -no_compat_check igfxonln=1 -v -wegnoegpu
1:007  0:000  === [ Dump SMC keys from NVRAM ] ================
1:007  0:000  no AppleSMC protocol
1:021  0:013  === [ ScanLoader ] ==============================
1:021  0:000  - [02]: 'EFI'
1:057  0:036        AddLoaderEntry for Volume Name=EFI, idx=0
1:057  0:000        OSVersion= 
1:057  0:000        IconName=vista,win comma=5 size=9
1:057  0:000        first=os_vista
1:057  0:000        Show badge as Drive.
1:057  0:000        Loader entry created for 'PciRoot(0x0)\Pci(0x1F,0x2)\Sata(0x2,0x0,0x0)\HD(1,GPT,58EB31AD-D561-4FAF-877C-029BF2E1A77D,0x800,0x32000)\EFI\microsoft\Boot\bootmgfw-orig.efi'
1:057  0:000        Menu entry added at index 0
1:057  0:000        AddLoaderEntry for Volume Name=EFI, idx=1
1:057  0:000        OSVersion= 
1:057  0:000        IconName=vista,win comma=5 size=9
1:057  0:000        first=os_vista
1:058  0:000        Show badge as Drive.
1:058  0:000        Loader entry created for 'PciRoot(0x0)\Pci(0x1F,0x2)\Sata(0x2,0x0,0x0)\HD(1,GPT,58EB31AD-D561-4FAF-877C-029BF2E1A77D,0x800,0x32000)\EFI\microsoft\Boot\bootmgfw.efi'
1:058  0:000        Menu entry added at index 1
1:072  0:014        AddLoaderEntry for Volume Name=EFI, idx=2
1:072  0:000        OSVersion= 
1:072  0:000        IconName=unknown comma=-1 size=7
1:072  0:000        Full=unknown
1:072  0:000        Show badge as Drive.
1:072  0:000        Loader entry created for 'PciRoot(0x0)\Pci(0x1F,0x2)\Sata(0x2,0x0,0x0)\HD(1,GPT,58EB31AD-D561-4FAF-877C-029BF2E1A77D,0x800,0x32000)\EFI\BOOT\BOOTX64.efi'
1:072  0:000        Menu entry added at index 2
1:072  0:000       hiding entry because DiskKind is DISK_KIND_INTERNAL: \EFI\BOOT\BOOTX64.efi
1:072  0:000  - [06]: 'EFI'
1:075  0:003        AddLoaderEntry for Volume Name=EFI, idx=3
1:076  0:000        OSVersion= 
1:076  0:000        IconName=unknown comma=-1 size=7
1:076  0:000        Full=unknown
1:076  0:000        Show badge as Drive.
1:076  0:000        Loader entry created for 'PciRoot(0x0)\Pci(0x1F,0x2)\Sata(0x0,0x0,0x0)\HD(1,GPT,EB9BB944-4AA2-4B67-A46D-6F22FA89A199,0x28,0x64000)\EFI\BOOT\BOOTX64.efi'
1:076  0:000        Menu entry added at index 3
1:076  0:000       hiding entry because DiskKind is DISK_KIND_INTERNAL: \EFI\BOOT\BOOTX64.efi
1:076  0:000  - [08]: 'Preboot'
1:076  0:000      ApfsContainerUUID=694508CF-09E2-47EE-A382-7DC67ECC883A
1:076  0:000      ApfsFileSystemUUID=9EE02212-E9F5-4A10-B232-0B9CD8B1ACD0
1:076  0:000      APFSTargetUUID=3200C80F-6C5F-45E8-9E91-54CCFA7BC0BF
1:077  0:001        contentDetails name:Mac Os
1:078  0:000        AddLoaderEntry for Volume Name=Preboot, idx=4
1:079  0:000        OSVersion=11.6.6 
1:079  0:000      hibernated: set as never
1:079  0:000        IconName=bigsur,mac comma=6 size=10
1:079  0:000        first=os_bigsur
1:079  0:000        Show badge as Drive.
1:079  0:000        Loader entry created for 'PciRoot(0x0)\Pci(0x1F,0x2)\Sata(0x0,0x0,0x0)\HD(2,GPT,420E7C8A-9F56-42CA-BBEC-8F0D49072C7E,0x64028,0xDF30B60)\VenMedia(BE74FCF7-0B7C-49F3-9147-01F4042E6842,1222E09EF5E9104AB2320B9CD8B1ACD0)\3200C80F-6C5F-45E8-9E91-54CCFA7BC0BF\System\Library\CoreServices\boot.efi'
1:080  0:001        Menu entry added at index 4
1:084  0:003        AddLoaderEntry for Volume Name=Preboot, idx=5
1:085  0:000        OSVersion=11.6.6 
1:085  0:000        IconName=bigsur,mac comma=6 size=10
1:085  0:000        first=os_bigsur
1:085  0:000        Show badge as Drive.
1:085  0:000        Loader entry created for 'PciRoot(0x0)\Pci(0x1F,0x2)\Sata(0x0,0x0,0x0)\HD(2,GPT,420E7C8A-9F56-42CA-BBEC-8F0D49072C7E,0x64028,0xDF30B60)\VenMedia(BE74FCF7-0B7C-49F3-9147-01F4042E6842,1222E09EF5E9104AB2320B9CD8B1ACD0)\3200C80F-6C5F-45E8-9E91-54CCFA7BC0BF\com.apple.installer\boot.efi'
1:087  0:002        Menu entry added at index 5
1:087  0:000      APFSTargetUUID=530D99F3-B2EF-4E38-810F-50EC9420C9AF
1:089  0:002        AddLoaderEntry for Volume Name=Preboot, idx=6
1:090  0:000        OSVersion= 
1:090  0:000        IconName=mac comma=-1 size=3
1:090  0:000        Full=mac
1:090  0:000        Show badge as Drive.
1:090  0:000        Loader entry created for 'PciRoot(0x0)\Pci(0x1F,0x2)\Sata(0x0,0x0,0x0)\HD(2,GPT,420E7C8A-9F56-42CA-BBEC-8F0D49072C7E,0x64028,0xDF30B60)\VenMedia(BE74FCF7-0B7C-49F3-9147-01F4042E6842,1222E09EF5E9104AB2320B9CD8B1ACD0)\530D99F3-B2EF-4E38-810F-50EC9420C9AF\com.apple.installer\boot.efi'
1:092  0:002        Menu entry added at index 6
1:092  0:000  - [09]: 'Mac Os - Dados'
1:092  0:000      ApfsContainerUUID=694508CF-09E2-47EE-A382-7DC67ECC883A
1:092  0:000      ApfsFileSystemUUID=3200C80F-6C5F-45E8-9E91-54CCFA7BC0BF
1:094  0:002  - [10]: 'Recovery'
1:094  0:000      ApfsContainerUUID=694508CF-09E2-47EE-A382-7DC67ECC883A
1:094  0:000      ApfsFileSystemUUID=D70168F6-1FF6-49CF-AE31-8A9E79344451
1:095  0:000      APFSTargetUUID=3200C80F-6C5F-45E8-9E91-54CCFA7BC0BF
1:095  0:000        contentDetails name:Mac Os
1:096  0:000        AddLoaderEntry for Volume Name=Recovery, idx=7
1:096  0:000        OSVersion=11.6.6 
1:096  0:000        IconName=bigsur,mac comma=6 size=10
1:096  0:000        first=os_bigsur
1:097  0:000        Show badge as Drive.
1:097  0:000        Loader entry created for 'PciRoot(0x0)\Pci(0x1F,0x2)\Sata(0x0,0x0,0x0)\HD(2,GPT,420E7C8A-9F56-42CA-BBEC-8F0D49072C7E,0x64028,0xDF30B60)\VenMedia(BE74FCF7-0B7C-49F3-9147-01F4042E6842,F66801D7F61FCF49AE318A9E79344451)\3200C80F-6C5F-45E8-9E91-54CCFA7BC0BF\BaseSystem.dmg'
1:099  0:002        Menu entry added at index 7
1:099  0:000  - [11]: 'VM'
1:099  0:000      ApfsContainerUUID=694508CF-09E2-47EE-A382-7DC67ECC883A
1:099  0:000      ApfsFileSystemUUID=CCEDE714-96DD-4F52-A66B-DA6D4C4CA9D1
1:099  0:000  - [12]: 'Mac Os'
1:099  0:000      ApfsContainerUUID=694508CF-09E2-47EE-A382-7DC67ECC883A
1:099  0:000      ApfsFileSystemUUID=BF769E2D-F9DE-41D5-A0DA-8DA905B37EAD
1:113  0:013  - [13]: 'Update'
1:113  0:000      ApfsContainerUUID=694508CF-09E2-47EE-A382-7DC67ECC883A
1:113  0:000      ApfsFileSystemUUID=5EAAE20A-4014-46BD-A578-68A15CD9A7C9
1:113  0:000  - [14]: 'Homolog - Data'
1:113  0:000      ApfsContainerUUID=694508CF-09E2-47EE-A382-7DC67ECC883A
1:113  0:000      ApfsFileSystemUUID=530D99F3-B2EF-4E38-810F-50EC9420C9AF
1:115  0:002  - [15]: 'Homolog'
1:115  0:000      ApfsContainerUUID=694508CF-09E2-47EE-A382-7DC67ECC883A
1:115  0:000      ApfsFileSystemUUID=A1B7B5D9-9B96-40E3-ADE3-F3AFD48E1345
1:129  0:013  Entries list before ordering
1:129  0:000      Entry 0 : Boot Microsoft EFI from EFI
1:129  0:000      Entry 1 : Boot Microsoft EFI Boot from EFI
1:129  0:000      Entry 2 : Boot UEFI internal from EFI (hidden)
1:129  0:000      Entry 3 : Boot UEFI internal from EFI (hidden)
1:129  0:000      Entry 4 : Boot Mac OS from Mac Os via Preboot
1:129  0:000      Entry 5 : Boot Mac OS Install for Mac Os via Preboot
1:129  0:000      Entry 6 : Mac OS Install via Preboot
1:129  0:000      Entry 7 : Boot Mac OS Recovery for Mac Os via Recovery
1:129  0:000  Move installer entry 5 before preboot 4
1:129  0:000  Move recovery entry 7 after preboot 5
1:129  0:000  Entries after before ordering
1:129  0:000    Entry 0 : Boot Microsoft EFI from EFI
1:129  0:000    Entry 1 : Boot Microsoft EFI Boot from EFI
1:129  0:000    Entry 2 : Boot UEFI internal from EFI (hidden)
1:129  0:000    Entry 3 : Boot UEFI internal from EFI (hidden)
1:129  0:000    Entry 4 : Boot Mac OS Install for Mac Os via Preboot
1:129  0:000    Entry 5 : Boot Mac OS from Mac Os via Preboot
1:129  0:000    Entry 6 : Boot Mac OS Recovery for Mac Os via Recovery
1:129  0:000    Entry 7 : Mac OS Install via Preboot
1:129  0:000  Scanning legacy ...
1:129  0:000      AddLegacyEntry:
1:129  0:000        FullTitle=
1:129  0:000        LoaderTitle=
1:129  0:000        Volume->LegacyOS->Name=Windows
1:129  0:000        Entry->Title=Boot Windows from EFI
1:129  0:000        IconName=vista,win comma=5 size=9
1:129  0:000        first=os_vista
1:129  0:000      AddLegacyEntry:
1:129  0:000        FullTitle=
1:129  0:000        LoaderTitle=
1:129  0:000        Volume->LegacyOS->Name=Windows
1:129  0:000        Entry->Title=Boot Windows from Legacy HD3
1:129  0:000        IconName=vista,win comma=5 size=9
1:129  0:000        first=os_vista
1:129  0:000      AddLegacyEntry:
1:129  0:000        FullTitle=
1:129  0:000        LoaderTitle=
1:129  0:000        Volume->LegacyOS->Name=Windows
1:129  0:000        Entry->Title=Boot Windows from Legacy HD4
1:129  0:000        IconName=vista,win comma=5 size=9
1:129  0:000        first=os_vista
1:129  0:000  === [ AddCustomTool ] ===========================
1:131  0:001  === [ GetEfiBootDeviceFromNvram ] ===============
1:131  0:000  Got efi-boot-device-data size=248
1:131  0:000   - efi-boot-device-data: PciRoot(0x0)\Pci(0x1F,0x2)\Sata(0x0,0x0,0x0)\HD(2,GPT,420E7C8A-9F56-42CA-BBEC-8F0D49072C7E,0x64028,0xDF30B60)\VenMedia(BE74FCF7-0B7C-49F3-9147-01F4042E6842,1222E09EF5E9104AB2320B9CD8B1ACD0)\530D99F3-B2EF-4E38-810F-50EC9420C9AF\com.apple.installer\boot.efi
1:131  0:000    - Volume: 'PciRoot(0x0)\Pci(0x1F,0x2)\Sata(0x0,0x0,0x0)\HD(2,GPT,420E7C8A-9F56-42CA-BBEC-8F0D49072C7E,0x64028,0xDF30B60)\VenMedia(BE74FCF7-0B7C-49F3-9147-01F4042E6842,1222E09EF5E9104AB2320B9CD8B1ACD0)'
1:131  0:000    - LoaderPath: '\530D99F3-B2EF-4E38-810F-50EC9420C9AF\com.apple.installer\boot.efi'
1:131  0:000    - Guid = 420E7C8A-9F56-42CA-BBEC-8F0D49072C7E
1:131  0:000  === [ FindStartupDiskVolume ] ===================
1:131  0:000    - Volume: partition = PciRoot(0x0)\Pci(0x1F,0x2)\Sata(0x0,0x0,0x0)\HD(2,GPT,420E7C8A-9F56-42CA-BBEC-8F0D49072C7E,0x64028,0xDF30B60)\VenMedia(BE74FCF7-0B7C-49F3-9147-01F4042E6842,1222E09EF5E9104AB2320B9CD8B1ACD0)
1:131  0:000     - searching for that partition and loader '\530D99F3-B2EF-4E38-810F-50EC9420C9AF\com.apple.installer\boot.efi'
1:131  0:000    checking 'PciRoot(0x0)/Pci(0x1F,0x2)/Sata(0x0,0x0,0x0)/HD(2,GPT,420E7C8A-9F56-42CA-BBEC-8F0D49072C7E,0x64028,0xDF30B60)/VenMedia(BE74FCF7-0B7C-49F3-9147-01F4042E6842,1222E09EF5E9104AB2320B9CD8B1ACD0)'
1:131  0:000     '\3200C80F-6C5F-45E8-9E91-54CCFA7BC0BF\com.apple.installer\boot.efi'
1:131  0:000    checking 'PciRoot(0x0)/Pci(0x1F,0x2)/Sata(0x0,0x0,0x0)/HD(2,GPT,420E7C8A-9F56-42CA-BBEC-8F0D49072C7E,0x64028,0xDF30B60)/VenMedia(BE74FCF7-0B7C-49F3-9147-01F4042E6842,1222E09EF5E9104AB2320B9CD8B1ACD0)'
1:131  0:000     '\3200C80F-6C5F-45E8-9E91-54CCFA7BC0BF\System\Library\CoreServices\boot.efi'
1:131  0:000    checking 'PciRoot(0x0)/Pci(0x1F,0x2)/Sata(0x0,0x0,0x0)/HD(2,GPT,420E7C8A-9F56-42CA-BBEC-8F0D49072C7E,0x64028,0xDF30B60)/VenMedia(BE74FCF7-0B7C-49F3-9147-01F4042E6842,1222E09EF5E9104AB2320B9CD8B1ACD0)'
1:131  0:000     '\530D99F3-B2EF-4E38-810F-50EC9420C9AF\com.apple.installer\boot.efi'
1:131  0:000      - found entry 5. 'Mac OS Install via Preboot', Volume 'Preboot', '\530D99F3-B2EF-4E38-810F-50EC9420C9AF\com.apple.installer\boot.efi'
1:131  0:000  Boot redirected to Entry 5. 'Mac OS Install via Preboot'
1:131  0:000  BannerPlace at Clear Screen [558,0]
1:192  0:060  AnimeRun=0
1:213  0:021  GUI ready
26:119  24:906   get MainChosenEntry FlagsBits = 0x1
26:119  0:000   boot with args: watchdog=0 alcid=55 -no_compat_check igfxonln=1 -v -wegnoegpu -x nv_disable=1 slide=0 darkwake=0 -xcpm nvda_drv=1
26:120  0:000  BootVariable of the entry is empty
26:120  0:000  === [ StartLoader ] =============================
26:120  0:000  Starting PciRoot(0x0)\Pci(0x1F,0x2)\Sata(0x0,0x0,0x0)\HD(2,GPT,420E7C8A-9F56-42CA-BBEC-8F0D49072C7E,0x64028,0xDF30B60)\VenMedia(BE74FCF7-0B7C-49F3-9147-01F4042E6842,1222E09EF5E9104AB2320B9CD8B1ACD0)\530D99F3-B2EF-4E38-810F-50EC9420C9AF\com.apple.installer\boot.efi
26:120  0:000  Finally: ExternalClock=25MHz BusSpeed=99774kHz CPUFreq=2494MHz PIS: hw.busfrequency=100000000Hz
26:120  0:000  Beginning OC
26:120  0:000  OCST: Missing vault data, ignoring...
26:120  0:000  config-oc.plist isn't used at all
26:121  0:001  AddKextsInArray from Other
26:121  0:000  ->Extra kext: Other\AirPortAtheros40.kext (v.700.74.5)
26:121  0:000  ->Extra kext: Other\AppleALC.kext (v.1.7.2)
26:121  0:000  ->Extra kext: Other\AppleMCEReporterDisabler.kext (v.1.2)
26:121  0:000  ->Extra kext: Other\BrightnessKeys.kext (v.1.0.3)
26:121  0:000  ->Extra kext: Other\HS80211Family.kext (v.1200.12.2)
26:121  0:000  ->Extra kext: Other\Lilu.kext (v.1.6.1)
26:121  0:000  ->Extra kext: Other\USBPorts.kext (v.1.0)
26:121  0:000  ->Extra kext: Other\RealtekRTL8111.kext (v.2.2.1)
26:121  0:000  ->Extra kext: Other\VirtualSMC.kext (v.1.3.0)
26:121  0:000      |-- PlugIn kext: Other\VirtualSMC.kext\Contents\PlugIns\SMCBatteryManager.kext (v.1.3.0)
26:121  0:000      |-- PlugIn kext: Other\VirtualSMC.kext\Contents\PlugIns\SMCProcessor.kext (v.1.3.0)
26:121  0:000      |-- PlugIn kext: Other\VirtualSMC.kext\Contents\PlugIns\SMCLightSensor.kext (v.1.3.0)
26:121  0:000  ->Extra kext: Other\VoodooPS2Controller.kext (v.2.2.9)
26:121  0:000      |-- PlugIn kext: Other\VoodooPS2Controller.kext\Contents\PlugIns\VoodooPS2Trackpad.kext (v.2.2.9)
26:121  0:000      |-- PlugIn kext: Other\VoodooPS2Controller.kext\Contents\PlugIns\VoodooPS2Keyboard.kext (v.2.2.9)
26:121  0:000      |-- PlugIn kext: Other\VoodooPS2Controller.kext\Contents\PlugIns\VoodooPS2Mouse.kext (v.2.2.9)
26:121  0:000      |-- PlugIn kext: Other\VoodooPS2Controller.kext\Contents\PlugIns\VoodooInput.kext (v.1.1.3)
26:121  0:000  ->Extra kext: Other\WhateverGreen.kext (v.1.5.9)
26:121  0:000  GetOtherKextsDir(false) return NULL
26:121  0:000  AddKextsInArray from Unknown
26:121  0:000  Bridge kext to OC : Path=Lilu.kext
26:123  0:001  info plist path: Kexts\Other\Lilu.kext\Contents\Info.plist
26:125  0:002  InfoPlistPath=Kexts\Other\Lilu.kext\Contents\Info.plist
26:130  0:004  assign executable as 'Contents\MacOS\Lilu'
26:130  0:000  Bridge kext to OC : Path=VirtualSMC.kext
26:132  0:001  info plist path: Kexts\Other\VirtualSMC.kext\Contents\Info.plist
26:134  0:001  InfoPlistPath=Kexts\Other\VirtualSMC.kext\Contents\Info.plist
26:139  0:005  assign executable as 'Contents\MacOS\VirtualSMC'
26:139  0:000  Bridge kext to OC : Path=WhateverGreen.kext
26:141  0:001  info plist path: Kexts\Other\WhateverGreen.kext\Contents\Info.plist
26:144  0:002  InfoPlistPath=Kexts\Other\WhateverGreen.kext\Contents\Info.plist
26:148  0:004  assign executable as 'Contents\MacOS\WhateverGreen'
26:148  0:000  Bridge kext to OC : Path=AppleALC.kext
26:150  0:001  info plist path: Kexts\Other\AppleALC.kext\Contents\Info.plist
26:152  0:001  InfoPlistPath=Kexts\Other\AppleALC.kext\Contents\Info.plist
26:178  0:026  assign executable as 'Contents\MacOS\AppleALC'
26:178  0:000  Bridge kext to OC : Path=SMCProcessor.kext
26:180  0:001  info plist path: Kexts\Other\VirtualSMC.kext\Contents\PlugIns\SMCProcessor.kext\Contents\Info.plist
26:182  0:002  InfoPlistPath=Kexts\Other\VirtualSMC.kext\Contents\PlugIns\SMCProcessor.kext\Contents\Info.plist
26:186  0:003  assign executable as 'Contents\MacOS\SMCProcessor'
26:186  0:000  Bridge kext to OC : Path=USBPorts.kext
26:188  0:001  info plist path: Kexts\Other\USBPorts.kext\Contents\Info.plist
26:190  0:001  InfoPlistPath=Kexts\Other\USBPorts.kext\Contents\Info.plist
26:192  0:002  Bridge kext to OC : Path=HS80211Family.kext
26:194  0:001  info plist path: Kexts\Other\HS80211Family.kext\Contents\Info.plist
26:196  0:001  InfoPlistPath=Kexts\Other\HS80211Family.kext\Contents\Info.plist
26:200  0:003  assign executable as 'Contents\MacOS\HS80211Family'
26:200  0:000  Bridge kext to OC : Path=AirPortAtheros40.kext
26:202  0:001  info plist path: Kexts\Other\AirPortAtheros40.kext\Contents\Info.plist
26:204  0:001  InfoPlistPath=Kexts\Other\AirPortAtheros40.kext\Contents\Info.plist
26:208  0:003  assign executable as 'Contents\MacOS\AirPortAtheros40'
26:208  0:000  Bridge kext to OC : Path=AppleMCEReporterDisabler.kext
26:210  0:001  info plist path: Kexts\Other\AppleMCEReporterDisabler.kext\Contents\Info.plist
26:211  0:001  InfoPlistPath=Kexts\Other\AppleMCEReporterDisabler.kext\Contents\Info.plist
26:213  0:001  Bridge kext to OC : Path=BrightnessKeys.kext
26:215  0:001  info plist path: Kexts\Other\BrightnessKeys.kext\Contents\Info.plist
26:217  0:001  InfoPlistPath=Kexts\Other\BrightnessKeys.kext\Contents\Info.plist
26:221  0:003  assign executable as 'Contents\MacOS\BrightnessKeys'
26:221  0:000  Bridge kext to OC : Path=RealtekRTL8111.kext
26:223  0:001  info plist path: Kexts\Other\RealtekRTL8111.kext\Contents\Info.plist
26:225  0:001  InfoPlistPath=Kexts\Other\RealtekRTL8111.kext\Contents\Info.plist
26:229  0:003  assign executable as 'Contents\MacOS\RealtekRTL8111'
26:229  0:000  Bridge kext to OC : Path=SMCBatteryManager.kext
26:231  0:001  info plist path: Kexts\Other\VirtualSMC.kext\Contents\PlugIns\SMCBatteryManager.kext\Contents\Info.plist
26:233  0:001  InfoPlistPath=Kexts\Other\VirtualSMC.kext\Contents\PlugIns\SMCBatteryManager.kext\Contents\Info.plist
26:237  0:003  assign executable as 'Contents\MacOS\SMCBatteryManager'
26:237  0:000  Bridge kext to OC : Path=SMCLightSensor.kext
26:239  0:001  info plist path: Kexts\Other\VirtualSMC.kext\Contents\PlugIns\SMCLightSensor.kext\Contents\Info.plist
26:240  0:001  InfoPlistPath=Kexts\Other\VirtualSMC.kext\Contents\PlugIns\SMCLightSensor.kext\Contents\Info.plist
26:244  0:003  assign executable as 'Contents\MacOS\SMCLightSensor'
26:244  0:000  Bridge kext to OC : Path=VoodooPS2Controller.kext
26:246  0:001  info plist path: Kexts\Other\VoodooPS2Controller.kext\Contents\Info.plist
26:248  0:001  InfoPlistPath=Kexts\Other\VoodooPS2Controller.kext\Contents\Info.plist
26:253  0:004  assign executable as 'Contents\MacOS\VoodooPS2Controller'
26:253  0:000  Bridge kext to OC : Path=VoodooPS2Trackpad.kext
26:255  0:001  info plist path: Kexts\Other\VoodooPS2Controller.kext\Contents\PlugIns\VoodooPS2Trackpad.kext\Contents\Info.plist
26:257  0:002  InfoPlistPath=Kexts\Other\VoodooPS2Controller.kext\Contents\PlugIns\VoodooPS2Trackpad.kext\Contents\Info.plist
26:262  0:004  assign executable as 'Contents\MacOS\VoodooPS2Trackpad'
26:262  0:000  Bridge kext to OC : Path=VoodooPS2Keyboard.kext
26:263  0:001  info plist path: Kexts\Other\VoodooPS2Controller.kext\Contents\PlugIns\VoodooPS2Keyboard.kext\Contents\Info.plist
26:265  0:001  InfoPlistPath=Kexts\Other\VoodooPS2Controller.kext\Contents\PlugIns\VoodooPS2Keyboard.kext\Contents\Info.plist
26:269  0:004  assign executable as 'Contents\MacOS\VoodooPS2Keyboard'
26:269  0:000  Bridge kext to OC : Path=VoodooPS2Mouse.kext
26:271  0:001  info plist path: Kexts\Other\VoodooPS2Controller.kext\Contents\PlugIns\VoodooPS2Mouse.kext\Contents\Info.plist
26:273  0:001  InfoPlistPath=Kexts\Other\VoodooPS2Controller.kext\Contents\PlugIns\VoodooPS2Mouse.kext\Contents\Info.plist
26:277  0:003  assign executable as 'Contents\MacOS\VoodooPS2Mouse'
26:277  0:000  Bridge kext to OC : Path=VoodooInput.kext
26:279  0:001  info plist path: Kexts\Other\VoodooPS2Controller.kext\Contents\PlugIns\VoodooInput.kext\Contents\Info.plist
26:282  0:002  InfoPlistPath=Kexts\Other\VoodooPS2Controller.kext\Contents\PlugIns\VoodooInput.kext\Contents\Info.plist
26:286  0:004  assign executable as 'Contents\MacOS\VoodooInput'
26:288  0:001  Start 'OpenRuntime.efi' : Status Success
26:288  0:000  OC: OcMiscEarlyInit...
26:288  0:000  OC: OpenCore DBG-075-2022-05-03 is loading in Optional mode (0/0)...
26:288  0:000  OC: OcMiscMiddleInit...
26:288  0:000  OC: StorageHandle 0 with  LauncherOption pointing to 
26:288  0:000  OC: OcLoadUefiSupport...
26:289  0:000  OCRTC: OcAppleRtcRamInstallProtocol
26:289  0:000  OCRTC: Wake log is 0x00 0x00   0 0x00
26:289  0:000  OcAppleFbInfoInstallProtocol
26:289  0:000  OcAppleEg2InfoInstallProtocol
26:289  0:000  OC: Loading Apple Secure Boot with Disabled (level 0)
26:289  0:000  OCABC: ALRBL 0 RTDFRG 1 DEVMMIO 1 NOSU 0 NOVRWR 0 NOSB 0 FBSIG 0 NOHBMAP 0 SMSLIDE 1 WRUNPROT 1
26:289  0:000  OCABC: FEXITBS 0 PRMRG 0 CSLIDE 1 MSLIDE 0 PRSRV 0 RBMAP 0 VMAP 1 APPLOS 0 RTPERMS 0 ARBAR -1
26:289  0:000  OCABC: Got rendezvous with OpenRuntime r12
26:289  0:000  OCABC: MAT support is 0
26:289  0:000  OC: RequestBootVarRouting 0
26:289  0:000  OC: Increasing GPU BARs to 0
26:289  0:000  OCDM: Setting RBAR to 0 inc 1 on 1/15
26:289  0:000  OCDM: Capability I/O error - Unsupported
26:289  0:000  OCDM: RBAR is unsupported by device - Device Error
26:289  0:000  OC: Got 0 drivers
26:289  0:000  OCC: GOP exists on ConsoleOutHandle and has 4 modes
26:289  0:000  OC: Requested resolution is 0x0@0 (max: 0, force: 0) from 
26:289  0:000  OCC: Using builtin text renderer with 1 scale
26:358  0:069  OCC: Install console control (BA373950/0/0), current - Success
26:358  0:000  OCC: Setup ASCII Output - Success
26:358  0:000  OC: Requested console mode is 0x0 (max: 0) from 
26:358  0:000  OC: Requested not to use audio
26:358  0:000  OC: OcLoadAcpiSupport...
26:358  0:000  OC: OcLoadAcpiSupport : nothing to do
26:358  0:000  OC: OcMiscLateInit...
26:358  0:000  OC: Invalid HibernateMode: 
26:358  0:000  OC: Translated HibernateMode  to 0
26:358  0:000  OC: Hibernation activation - Invalid Parameter, hibernation wake - no
26:358  0:000  OC: OcLoadKernelSupport...
26:358  0:000  OC: All green, starting boot management...
26:362  0:003  OCB: Arch filtering BF7F3018(723512)->BF7F3018(723512) caps 4 - Success
26:362  0:000  ImageHandle = bf8a4818
26:431  0:069  GetOSVersion: 
26:431  0:000  Will not patch boot.efi
26:431  0:000  === [ PatchSmbios ] =============================
26:431  0:000  UpdateSmbiosString : BiosVersion=EfiVersion=428.60.3.0.0
26:431  0:000  UpdateSmbiosString : ReleaseDate=10/27/2021
26:431  0:000  void PatchTableType1(const SmbiosInjectedSettings&) : UpdateSmbiosString ProductName=MacBookPro11,4
26:431  0:000  void PatchTableType2(const SmbiosInjectedSettings&) : UpdateSmbiosString ProductName=BoardNumber=Mac-06F11FD93F0323C5
26:431  0:000  void PatchTableType2(const SmbiosInjectedSettings&) : UpdateSmbiosString Version=BoardVersion=MacBookPro11,4
26:431  0:000  insert table 9 for dev 0:0
26:431  0:000  insert table 9 for dev 0:0
26:431  0:000  Table 11 present, but rewritten for us
26:432  0:000  Do not inject memory table
26:432  0:000  Trusting SMBIOS...
26:432  0:000  Channels: 2
26:432  0:000  Interleave: 0 2 1 3
26:432  0:000  trusted SMBIOS data, table index 0:
26:432  0:000    gRAM.SMBIOS[0]->ModuleSize = 4096
26:432  0:000    gRAM.SMBIOS[0]->Type = 0
26:432  0:000    gRAM.SMBIOS[0]->Frequency = 1333
26:432  0:000    gRAM.SMBIOS[0]->Vendor = 0194
26:432  0:000    gRAM.SMBIOS[0]->PartNo = SH564128FH8NZPHSCR
26:432  0:000    gRAM.SMBIOS[0]->SerialNo = 0441B42C
26:432  0:000  SPD data in use:
26:432  0:000    gRAM.SPD[0]->ModuleSize = 4096
26:432  0:000    gRAM.SPD[0]->Type = 24
26:432  0:000    gRAM.SPD[0]->Frequency = 1333
26:432  0:000    gRAM.SPD[0]->Vendor = Smart Modular
26:432  0:000    gRAM.SPD[0]->SerialNo = 0441B42C
26:432  0:000    gRAM.SPD[0]->PartNo = SH564128FH8NZPHSCR
26:432  0:000    SMBIOS Type 17 Index = 0 => SMBIOSIndex=0 SPDIndex=0:
26:432  0:000  BANK 0 DIMM0 1333MHz 4096MB(Ext:0MB)
26:432  0:000  trusted SMBIOS data, table index 2:
26:432  0:000    gRAM.SMBIOS[2]->ModuleSize = 4096
26:432  0:000    gRAM.SMBIOS[2]->Type = 0
26:432  0:000    gRAM.SMBIOS[2]->Frequency = 1333
26:432  0:000    gRAM.SMBIOS[2]->Vendor = Hynix/Hyundai
26:432  0:000    gRAM.SMBIOS[2]->PartNo = HMT351S6BFR8C-H9
26:432  0:000    gRAM.SMBIOS[2]->SerialNo = 592121FF
26:432  0:000  SPD data in use:
26:432  0:000    gRAM.SPD[2]->ModuleSize = 4096
26:432  0:000    gRAM.SPD[2]->Type = 24
26:432  0:000    gRAM.SPD[2]->Frequency = 1333
26:432  0:000    gRAM.SPD[2]->Vendor = SK Hynix
26:432  0:000    gRAM.SPD[2]->SerialNo = 592121FF
26:432  0:000    gRAM.SPD[2]->PartNo = HMT351S6BFR8C-H9N0
26:432  0:000    SMBIOS Type 17 Index = 1 => SMBIOSIndex=2 SPDIndex=2:
26:432  0:000  BANK 1 DIMM0 1333MHz 4096MB(Ext:0MB)
26:432  0:000  !trusted SMBIOS data, Table index 1:!gRAM.SMBIOS.doesSlotForIndexExist(SMBIOSIndex) 
26:432  0:000    SMBIOS Type 17 Index = 2 => SMBIOSIndex=1 SPDIndex=1:
26:432  0:000  BANK 0 DIMM1 EMPTY
26:432  0:000  !trusted SMBIOS data, Table index 3:!gRAM.SMBIOS.doesSlotForIndexExist(SMBIOSIndex) 
26:432  0:000    SMBIOS Type 17 Index = 3 => SMBIOSIndex=3 SPDIndex=3:
26:432  0:000  BANK 1 DIMM1 EMPTY
26:432  0:000  mTotalSystemMemory = 8192
26:432  0:000  NumberOfMemoryDevices = 4
26:432  0:000  Type20[0]->End = 0x7FFFFF, Type17[1] = 2000
26:432  0:000  Type20[1]->End = 0x7FFFFF, Type17[1] = 4000
26:432  0:000  Table 131 is present, CPUType=31
26:432  0:000  Change to: 604
26:432  0:000  === [ PatchACPI ] ===============================
26:432  0:000  OCABC: AllocPages 1 0xDAFE3000 (1) - Success
26:432  0:000  Xsdt reallocation done
26:432  0:000  OCABC: AllocPages 1 0xDAFE2000 (1) - Success
26:432  0:000  old FADT length=10C
26:432  0:000   SignatureFixup: 0xF7C -> 0x0
26:432  0:000  Found OperationRegion(GNVS, SystemMemory, DAF7DE18, ...)
26:432  0:000  Found OperationRegion(MCHT, SystemMemory, FED10000, ...)
26:432  0:000  Found OperationRegion(TPMF, SystemMemory, FFFF0000, ...)
26:432  0:000  Found OperationRegion(TMMB, SystemMemory, FED40000, ...)
26:432  0:000  Found OperationRegion(RCRB, SystemMemory, FED1C000, ...)
26:432  0:000  Found OperationRegion(SNVS, SystemMemory, DAF9EF18, ...)
26:432  0:000  Found OperationRegion(SAWB, SystemMemory, DAF7BDC0, ...)
26:433  0:000  DSDT found in Clover volume: \EFI\CLOVER\ACPI\patched\DSDT.aml
26:434  0:001  OCABC: AllocPages 1 0xDAFD7000 (11) - Success
26:434  0:000  Apply DsdtFixMask=0x50400000
26:434  0:000  === [ FixBiosDsdt ] =============================
26:434  0:000  Patching DSDT:
26:434  0:000   - [_STA RTC]: pattern A00A9353, bin not found / already patched!
26:434  0:000   - [change EHC1 to EH01]: pattern 45484331, patched at: [ (54B0) ]
26:434  0:000   - [change EHC2 to EH02]: pattern 45484332, patched at: [ (54C2) ]
26:434  0:000   - [change H_EC to EC]: pattern 485F4543, patched at: [ (2244) ]
26:435  0:000   deleting device CRT_
26:436  0:001   deleting device DVI_
26:437  0:001   deleting device SPKR
26:438  0:001   deleting device ECP_
26:439  0:001   deleting device LPT_
26:441  0:001   deleting device FDC0
26:442  0:001   deleting device ECP1
26:443  0:001   deleting device LPT1
26:444  0:001   deleting device FDC_
26:445  0:001    indirect name=SRCB
26:445  0:000  Start Mutex Fix
26:446  0:000  PreCleanup XSDT: count=15, length=156
26:446  0:000  PreCleanup XSDT, corrected XSDT: count=15, length=156
26:446  0:000  === [ ACPIDropTables ] ==========================
26:446  0:000  Drop tables from XSDT, SIGN=SSDT TableID=CpuPm Length=2741
26:446  0:000   Table[9]: SSDT  CpuPm  2741 dropped
26:446  0:000  Drop tables from XSDT, SIGN=SSDT TableID=Cpu0Ist Length=2442
26:446  0:000   Table[8]: SSDT  Cpu0Ist  2442 dropped
26:446  0:000  OCABC: AllocPages 1 0xDAFD5000 (2) - Success
26:446  0:000  OCABC: AllocPages 1 0xDAFD4000 (3) - Success
26:446  0:000  Patching SSDTs: 4 patches each
26:446  0:000   pattern A00A9353, bin not found / already patched!
26:446  0:000   pattern 45484331, bin not found / already patched!
26:446  0:000   pattern 45484332, bin not found / already patched!
26:446  0:000   pattern 485F4543, patched at: [ (43E) ]
26:446  0:000  OCABC: AllocPages 1 0xDAFD2000 (2) - Success
26:446  0:000  OCABC: AllocPages 1 0xDAFD2000 (2) - Success
26:446  0:000  OCABC: AllocPages 1 0xDAFD2000 (2) - Success
26:446  0:000  OCABC: AllocPages 1 0xDAFD2000 (2) - Success
26:446  0:000  OCABC: AllocPages 1 0xDAFD0000 (2) - Success
26:446  0:000  OCABC: AllocPages 1 0xDAFD0000 (2) - Success
26:446  0:000  OCABC: AllocPages 1 0xDAFD0000 (2) - Success
26:446  0:000  OCABC: AllocPages 1 0xDAFD0000 (2) - Success
26:446  0:000  OCABC: AllocPages 1 0xDAFD0000 (2) - Success
26:446  0:000  OCABC: AllocPages 1 0xDAFD0000 (2) - Success
26:446  0:000  === [ ACPIPatchedAML ] ==========================
26:446  0:000  Sorted
26:446  0:000  Inserting table[0]:SSDT.aml from \EFI\CLOVER\ACPI\patched: size=1732 OCABC: AllocPages 1 0xDAFD1000 (1) - Success
... Success
26:447  0:001  ApicCPUNum=4
26:447  0:000  Maximum control=0x19
26:447  0:000  Turbo control=0x1F
26:447  0:000  P-States: min 0x7, max 0x1F
26:447  0:000  SSDT with CPU P-States and plugin-type generated successfully
26:447  0:000  OCABC: AllocPages 1 0xDAFD0000 (1) - Success
26:447  0:000  SSDT with CPU C-States generated successfully
26:447  0:000  OCABC: AllocPages 1 0xDAFCF000 (1) - Success
26:447  0:000  Cleanup XSDT: count=18, length=180
26:447  0:000  corrected XSDT count=16, length=164
26:447  0:000  === [ RestSetup macOS ] =========================
26:447  0:000  EdidDiscovered size=128
26:447  0:000  --- Discovered EDID Table size:128
26:447  0:000  000  |  00  FF  FF  FF  FF  FF  FF  00  06  AF
26:447  0:000  010  |  3C  19  00  00  00  00  01  13  01  03
26:447  0:000  020  |  80  1F  11  78  0A  C8  A5  9E  57  54
26:447  0:000  030  |  92  26  99  50  54  00  00  00  01  01
26:447  0:000  040  |  01  01  01  01  01  01  01  01  01  01
26:447  0:000  050  |  01  01  01  01  9E  1B  56  64  50  00
26:447  0:000  060  |  23  30  26  16  36  00  35  AD  10  00
26:447  0:000  070  |  00  18  00  00  00  0F  00  00  00  00
26:447  0:000  080  |  00  00  00  00  00  00  00  00  00  20
26:447  0:000  090  |  00  00  00  FE  00  41  55  4F  0A  20
26:447  0:000  100  |  20  20  20  20  20  20  20  20  00  00
26:447  0:000  110  |  00  FE  00  42  31  34  30  58  57  30
26:447  0:000  120  |  31  20  56  39  20  0A  00  6B
26:447  0:000  add device: PciRoot(0x0)/Pci(0x2,0x0)
26:447  0:000     Add key=AAPL,ig-platform-id valuelen=4
26:447  0:000     Add key=enable-hdmi20 valuelen=4
26:447  0:000     Add key=framebuffer-patch-enable valuelen=4
26:447  0:000     Add key=framebuffer-unifiedmem valuelen=4
26:447  0:000     Add key=hda-gfx valuelen=10
26:447  0:000  Intel GFX injection not set
26:447  0:000  stringlength = 1728
26:447  0:000  OCABC: AllocPages 1 0xDAFCE000 (1) - Success
26:447  0:000  CurrentMode: Width=1366 Height=768
26:447  0:000  SetNvramVariable (system-id, 4D1EDE05-38C7-4A6A-9CC6-4BCCA8B38C14, 0x2, 16): -> writing new (Success)
26:447  0:000  SetNvramVariable (MLB, 4D1EDE05-38C7-4A6A-9CC6-4BCCA8B38C14, 0x6, 17): -> writing new (Success)
26:448  0:000  SetNvramVariable (ROM, 4D1EDE05-38C7-4A6A-9CC6-4BCCA8B38C14, 0x6, 6): -> writing new (Success)
26:448  0:000  SetNvramVariable (FirmwareFeatures, 4D1EDE05-38C7-4A6A-9CC6-4BCCA8B38C14, 0x6, 4): -> writing new (Success)
26:448  0:000  SetNvramVariable (FirmwareFeaturesMask, 4D1EDE05-38C7-4A6A-9CC6-4BCCA8B38C14, 0x6, 4): -> writing new (Success)
26:448  0:000  SetNvramVariable (ExtendedFirmwareFeatures, 4D1EDE05-38C7-4A6A-9CC6-4BCCA8B38C14, 0x6, 8): -> writing new (Success)
26:448  0:000  SetNvramVariable (ExtendedFirmwareFeaturesMask, 4D1EDE05-38C7-4A6A-9CC6-4BCCA8B38C14, 0x6, 8): -> writing new (Success)
26:448  0:000  AddNvramVariable (HW_BID, 4D1EDE05-38C7-4A6A-9CC6-4BCCA8B38C14, 0x6, 20): -> writing new (Success)
26:449  0:000  AddNvramVariable (security-mode, 7C436110-AB2A-4BBB-A880-FE41995C9F82, 0x6, 5): -> writing new (Success)
26:449  0:000  AddNvramVariable (backlight-level, 7C436110-AB2A-4BBB-A880-FE41995C9F82, 0x6, 2): -> writing new (Success)
26:449  0:000  DeleteNvramVariable (DefaultBackgroundColor, 4D1EDE05-38C7-4A6A-9CC6-4BCCA8B38C14):
26:449  0:000  SetNvramVariable (UIScale, 4D1EDE05-38C7-4A6A-9CC6-4BCCA8B38C14, 0x6, 1): -> writing new (Success)
26:449  0:000  SetNvramVariable (EFILoginHiDPI, 7C436110-AB2A-4BBB-A880-FE41995C9F82, 0x6, 4): -> writing new (Success)
26:449  0:000  SetNvramVariable (flagstate, 7C436110-AB2A-4BBB-A880-FE41995C9F82, 0x6, 32): -> writing new (Success)
26:449  0:000  SetNvramVariable (csr-active-config, 7C436110-AB2A-4BBB-A880-FE41995C9F82, 0x6, 4): -> writing new (Success)
26:450  0:000  DeleteNvramVariable (BridgeOSHardwareModel, 4D1EDE05-38C7-4A6A-9CC6-4BCCA8B38C14):
26:450  0:000  DeleteNvramVariable (bootercfg, 7C436110-AB2A-4BBB-A880-FE41995C9F82):
26:450  0:000  DeleteNvramVariable (nvda_drv, 7C436110-AB2A-4BBB-A880-FE41995C9F82):
26:450  0:000  DeleteNvramVariable (recovery-boot-mode, 7C436110-AB2A-4BBB-A880-FE41995C9F82):
26:450  0:000  DeleteNvramVariable (install-product-url, 7C436110-AB2A-4BBB-A880-FE41995C9F82):
26:450  0:000  DeleteNvramVariable (previous-system-uuid, 7C436110-AB2A-4BBB-A880-FE41995C9F82):
26:450  0:000  AddNvramVariable (wake-failure, 7C436110-AB2A-4BBB-A880-FE41995C9F82, 0x6, 5): -> writing new (Success)
26:450  0:000  DeleteNvramVariable (opencore-version, 7C436110-AB2A-4BBB-A880-FE41995C9F82):
26:450  0:000  Use origin smbios table type 1 guid.
26:451  0:000  SetStartupDiskVolume:
26:451  0:000    * Volume: 'Preboot'
26:451  0:000    * LoaderPath: '\530D99F3-B2EF-4E38-810F-50EC9420C9AF\com.apple.installer\boot.efi'
26:451  0:000    * DevPath: Preboot
26:451  0:000    * EFI_GUID = 420E7C8A-9F56-42CA-BBEC-8F0D49072C7E
26:451  0:000  SetNvramVariable (efi-boot-device-data, 7C436110-AB2A-4BBB-A880-FE41995C9F82, 0x7, 248): exists(0x7, 248), equal -> not writing again.
26:451  0:000    * efi-boot-device: <array><dict><key>IOMatch</key><dict><key>IOProviderClass</key><string>IOMedia</string><key>IOPropertyMatch</key><dict><key>UUID</key><string>420E7C8A-9F56-42CA-BBEC-8F0D49072C7E</string></dict></dict></dict></array>
26:451  0:000  SetNvramVariable (efi-boot-device, 7C436110-AB2A-4BBB-A880-FE41995C9F82, 0x7, 216): exists(0x7, 216), equal -> not writing again.
26:451  0:000  Custom boot screen not used because entry has unset use graphics
26:451  0:000  DeleteNvramVariable (IOHibernateRTCVariables, 7C436110-AB2A-4BBB-A880-FE41995C9F82):
26:452  0:000  DeleteNvramVariable (boot-image, 7C436110-AB2A-4BBB-A880-FE41995C9F82):
26:452  0:000  Kernel quirks
26:452  0:000  ACPCL 1 AXCL 1 AXEM 0 AXFB 0 CSG 0 DIM 1 DLJ 1 DRC 1 DPM 0 EBTFF 0 EDI 0 IPBS 0 LKP 1 PNKD 1 PTKP 1 TPD 0 XPL 1 PCC 0
26:452  0:000  Closing log
26:454  0:002  OCABC: Patching safe mode sur-2 at off 1F0B
26:454  0:000  OCABC: AllocPages 2 0xC5B97000 (512) - Success
26:454  0:000  OCABC: AllocPages 2 0xC5B96000 (1) - Success
26:454  0:000  OC: Supported boot capabilities 4
26:455  0:001  OCABC: AllocPages 1 0xBA160000 (1) - Success
26:457  0:001  OC: Opening file System\Library\Kernels\kernel with 1 mode gave - Not Found
26:457  0:000  OC: Opening file \530D99F3-B2EF-4E38-810F-50EC9420C9AF with 1 mode gave - Success
26:457  0:000  OC: Opening file \530D99F3-B2EF-4E38-810F-50EC9420C9AF\com.apple.installer\com.apple.Boot.plist with 1 mode gave - Success
26:458  0:000  OC: Opening file System\Library\Caches\com.apple.corestorage\EncryptedRoot.plist.wipekey with 1 mode gave - Not Found
26:458  0:000  OC: Opening file EncryptedRoot.plist.wipekey with 1 mode gave - Not Found
26:458  0:000  OC: Opening file \530D99F3-B2EF-4E38-810F-50EC9420C9AF\com.apple.installer\boot.efi with 1 mode gave - Success
26:469  0:010  OC: Opening file \boot\BootKernelExtensions.kc with 1 mode gave - Success
26:581  0:111  OC: Kext reservation size info 57B000 exe 631000
26:581  0:000  OC: Trying 64-bit XNU hook on \boot\BootKernelExtensions.kc
26:581  0:000  OCAK: Found 64-bit Mach-O compressed 0 offset 0 size 0
26:581  0:000  OCAK: Determined kernel size is 68157440 bytes
26:827  0:245  OC: Result of 64-bit XNU hook on \boot\BootKernelExtensions.kc (00000000) is Success
26:907  0:079  OCAK: Read kernel version 21.6.0 (210600)
26:907  0:000  OCAK: 64-bit patcher base 0xFFFFFF8000200000 kmod 0x0 file 0x0
26:909  0:002  OCAK: Replacing _xcpm_core_scope_msrs data 226 76
26:909  0:000  OCAK: Replacing _xcpm_core_scope_msrs data 226 406416
26:909  0:000  OCAK: Replacing _xcpm_core_scope_msrs data 226 16384
26:909  0:000  OCAK: Not matching _xcpm_core_scope_msrs data 46 422876
26:911  0:002  Replace B9E20000000F30 by B9E20000009090 at ofs:30B
26:911  0:000  Replace B9E20000000F30 by B9E20000009090 at ofs:395
26:911  0:000  OCAK: 64-bit XcpmCfgLockRel replace count - 2
27:015  0:103  Replace 00252E2A7300 by 00002E2A7300 at ofs:9DE99E
27:015  0:000  OCAK: 64-bit PanicKextDump replace count - 1
27:015  0:000  OCAK: Patch success kext dump
27:016  0:001  Replace 658B0425000000003B0000000000/FFFFFFFFC3FFFFFFFF0000000000(658B0425200000003B05E5208A00) by 31C0909090909090909090909090 at ofs:DD
27:016  0:000  OCAK: 64-bit LapicKernelPanic replace count - 1
27:016  0:000  OCAK: Patch success lapic
27:017  0:001  Replace 83000000000000/FF00000000FFFF(833DE2608B0000) by 31C09090909090 at ofs:C7
27:017  0:000  OCAK: 64-bit LapicKernelPanicMaster replace count - 1
27:017  0:000  OCAK: Patch success extended lapic
27:018  0:000  Replace 8000016F75008000026D7500/FF00FFFFFF00FF00FFFFFF00(8078016F752E8078026D7528) by 8000016E75008000026D7500/FF00FFFFFF00FF00FFFFFF00(8078016E752E8078026D7528) at ofs:63C
27:018  0:000  OCAK: 64-bit PowerStateTimeout replace count - 1
27:018  0:000  OCAK: Patch success inline power state
27:020  0:002  OCAK: CurrFreeCall E8 F5 FB A0 FF FFA0FBF5
27:020  0:000  OCAK: CurrFreeCall E8 C2 FB A0 FF FFA0FBC2
27:020  0:000  OCAK: CurrFreeCall E8 87 FB A0 FF FFA0FB87
27:020  0:000  OCAK: CurrFreeCall E8 29 F9 A0 FF FFA0F929
27:020  0:000  OCAK: Found jettisoning fileset
27:067  0:046  OCAK: as.vit9696.Lilu got KXLD 0 0
27:067  0:000  OCAK: Requesting __LINKEDIT for as.vit9696.Lilu - B626D438 at 4101000
27:067  0:000  OCAK: Requesting SymbolTable for as.vit9696.Lilu - 549
27:067  0:000  OCAK: Requesting __LINKEDIT for __kernel__ - B2177D00 at 0
27:067  0:000  OCAK: Requesting SymbolTable for __kernel__ - 22252
27:119  0:052  OCAK: Local relocs 689 on FFFFFF8004261000
27:120  0:000  OC: Prelinked injection Kexts\Other\Lilu.kext () - Success
27:120  0:000  OCAK: as.vit9696.VirtualSMC got KXLD 0 0
27:120  0:000  OCAK: Requesting __LINKEDIT for as.vit9696.VirtualSMC - B629C438 at 4130000
27:120  0:000  OCAK: Requesting SymbolTable for as.vit9696.VirtualSMC - 453
27:120  0:000  OCAK: Requesting SymbolTable for as.vit9696.Lilu - 157
27:123  0:003  OCAK: Patching invalid size 2000 with 18D5000 for com.apple.iokit.IOACPIFamily
27:123  0:000  OCAK: com.apple.iokit.IOACPIFamily got KXLD 0 0
27:123  0:000  OCAK: Requesting __LINKEDIT for com.apple.iokit.IOACPIFamily - B4998518 at 282C000
27:123  0:000  OCAK: Requesting SymbolTable for com.apple.iokit.IOACPIFamily - 545
27:137  0:013  OCAK: Local relocs 515 on FFFFFF8004290000
27:138  0:000  OC: Prelinked injection Kexts\Other\VirtualSMC.kext () - Success
27:138  0:000  OCAK: as.vit9696.WhateverGreen got KXLD 0 0
27:138  0:000  OCAK: Requesting __LINKEDIT for as.vit9696.WhateverGreen - B62B63E8 at 414A000
27:138  0:000  OCAK: Requesting SymbolTable for as.vit9696.WhateverGreen - 447
27:141  0:003  OCAK: Patching invalid size 2D000 with 142C000 for com.apple.iokit.IOPCIFamily
27:141  0:000  OCAK: com.apple.iokit.IOPCIFamily got KXLD 0 0
27:141  0:000  OCAK: Requesting __LINKEDIT for com.apple.iokit.IOPCIFamily - B4E41518 at 2CD5000
27:141  0:000  OCAK: Requesting SymbolTable for com.apple.iokit.IOPCIFamily - 1442
27:162  0:020  OCAK: Local relocs 1836 on FFFFFF80042AA000
27:164  0:001  OC: Prelinked injection Kexts\Other\WhateverGreen.kext () - Success
27:168  0:004  OCAK: as.vit9696.AppleALC got KXLD 0 0
27:168  0:000  OCAK: Requesting __LINKEDIT for as.vit9696.AppleALC - B63373E8 at 41CB000
27:168  0:000  OCAK: Requesting SymbolTable for as.vit9696.AppleALC - 444
27:181  0:012  OCAK: Local relocs 5693 on FFFFFF800432B000
27:188  0:006  OC: Prelinked injection Kexts\Other\AppleALC.kext () - Success
27:188  0:000  OCAK: as.vit9696.SMCProcessor got KXLD 0 0
27:188  0:000  OCAK: Requesting __LINKEDIT for as.vit9696.SMCProcessor - B64D03E8 at 4364000
27:188  0:000  OCAK: Requesting SymbolTable for as.vit9696.SMCProcessor - 355
27:188  0:000  OCAK: Requesting SymbolTable for as.vit9696.VirtualSMC - 27
27:198  0:010  OCAK: Local relocs 325 on FFFFFF80044C4000
27:199  0:000  OC: Prelinked injection Kexts\Other\VirtualSMC.kext\Contents\PlugIns\SMCProcessor.kext () - Success
27:199  0:000  OC: Prelinked injection Kexts\Other\USBPorts.kext () - Success
27:199  0:000  OCAK: com.apple.iokit.HS80211Family got KXLD 0 0
27:199  0:000  OCAK: Requesting __LINKEDIT for com.apple.iokit.HS80211Family - B64DF438 at 4373000
27:199  0:000  OCAK: Requesting SymbolTable for com.apple.iokit.HS80211Family - 3816
27:201  0:001  OCAK: Patching invalid size 22000 with 28B0000 for com.apple.driver.AppleMobileFileIntegrity
27:201  0:000  OCAK: com.apple.driver.AppleMobileFileIntegrity got KXLD 0 0
27:201  0:000  OCAK: Requesting __LINKEDIT for com.apple.driver.AppleMobileFileIntegrity - B39BD4D0 at 1851000
27:201  0:000  OCAK: Requesting SymbolTable for com.apple.driver.AppleMobileFileIntegrity - 1107
27:205  0:004  OCAK: Patching invalid size 81000 with BA2000 for com.apple.kec.corecrypto
27:205  0:000  OCAK: com.apple.kec.corecrypto got KXLD 0 0
27:205  0:000  OCAK: Requesting __LINKEDIT for com.apple.kec.corecrypto - B56CB3E8 at 355F000
27:205  0:000  OCAK: Requesting SymbolTable for com.apple.kec.corecrypto - 1627
27:208  0:002  OCAK: Patching invalid size 9000 with 24B3000 for com.apple.kext.CoreTrust
27:208  0:000  OCAK: com.apple.kext.CoreTrust got KXLD 0 0
27:208  0:000  OCAK: Requesting __LINKEDIT for com.apple.kext.CoreTrust - B3DBA2F8 at 1C4E000
27:208  0:000  OCAK: Requesting SymbolTable for com.apple.kext.CoreTrust - 303
27:209  0:000  OCAK: Patching invalid size 19000 with 2A12000 for com.apple.security.AppleImage4
27:209  0:000  OCAK: com.apple.security.AppleImage4 got KXLD 0 0
27:209  0:000  OCAK: Requesting __LINKEDIT for com.apple.security.AppleImage4 - B385B520 at 16EF000
27:209  0:000  OCAK: Requesting SymbolTable for com.apple.security.AppleImage4 - 1499
27:216  0:007  OCAK: Patching invalid size 1A000 with BC8000 for com.apple.driver.corecapture
27:216  0:000  OCAK: com.apple.driver.corecapture got KXLD 0 0
27:216  0:000  OCAK: Requesting __LINKEDIT for com.apple.driver.corecapture - B56A54D0 at 3539000
27:216  0:000  OCAK: Requesting SymbolTable for com.apple.driver.corecapture - 1395
27:231  0:014  OCAK: Patching invalid size 17000 with 16CA000 for com.apple.iokit.IONetworkingFamily
27:231  0:000  OCAK: com.apple.iokit.IONetworkingFamily got KXLD 0 0
27:231  0:000  OCAK: Requesting __LINKEDIT for com.apple.iokit.IONetworkingFamily - B4BA3568 at 2A37000
27:231  0:000  OCAK: Requesting SymbolTable for com.apple.iokit.IONetworkingFamily - 1695
27:349  0:117  OCAK: Local relocs 5739 on FFFFFF80044D3000
27:355  0:005  OC: Prelinked injection Kexts\Other\HS80211Family.kext () - Success
27:356  0:000  OCAK: com.apple.driver.AirPort.Atheros40 got KXLD 0 0
27:356  0:000  OCAK: Requesting __LINKEDIT for com.apple.driver.AirPort.Atheros40 - B65FC3E8 at 4490000
27:356  0:000  OCAK: Requesting SymbolTable for com.apple.driver.AirPort.Atheros40 - 4907
27:356  0:000  OCAK: Requesting SymbolTable for com.apple.iokit.HS80211Family - 2997
27:413  0:057  OCAK: Local relocs 4336 on FFFFFF80045F0000
27:416  0:002  OC: Prelinked injection Kexts\Other\AirPortAtheros40.kext () - Success
27:416  0:000  OC: Prelinked injection Kexts\Other\AppleMCEReporterDisabler.kext () - Success
27:416  0:000  OCAK: as.acidanthera.BrightnessKeys got KXLD 0 0
27:416  0:000  OCAK: Requesting __LINKEDIT for as.acidanthera.BrightnessKeys - B6792398 at 4626000
27:416  0:000  OCAK: Requesting SymbolTable for as.acidanthera.BrightnessKeys - 372
27:419  0:003  OCAK: Patching invalid size 5D000 with 1798000 for com.apple.iokit.IOHIDFamily
27:419  0:000  OCAK: com.apple.iokit.IOHIDFamily got KXLD 0 0
27:419  0:000  OCAK: Requesting __LINKEDIT for com.apple.iokit.IOHIDFamily - B4AD5520 at 2969000
27:419  0:000  OCAK: Requesting SymbolTable for com.apple.iokit.IOHIDFamily - 3973
27:422  0:003  OCAK: Patching invalid size 3000 with 13EE000 for com.apple.iokit.IOReportFamily
27:422  0:000  OCAK: com.apple.iokit.IOReportFamily got KXLD 0 0
27:422  0:000  OCAK: Requesting __LINKEDIT for com.apple.iokit.IOReportFamily - B4E7F430 at 2D13000
27:422  0:000  OCAK: Requesting SymbolTable for com.apple.iokit.IOReportFamily - 447
27:490  0:067  OCAK: Local relocs 339 on FFFFFF8004786000
27:490  0:000  OC: Prelinked injection Kexts\Other\BrightnessKeys.kext () - Success
27:490  0:000  OCAK: com.insanelymac.RealtekRTL8111 got KXLD 0 0
27:490  0:000  OCAK: Requesting __LINKEDIT for com.insanelymac.RealtekRTL8111 - B679C398 at 4630000
27:490  0:000  OCAK: Requesting SymbolTable for com.insanelymac.RealtekRTL8111 - 566
27:503  0:012  OCAK: Local relocs 468 on FFFFFF8004790000
27:503  0:000  OC: Prelinked injection Kexts\Other\RealtekRTL8111.kext () - Success
27:503  0:000  OCAK: ru.usrsse2.SMCBatteryManager got KXLD 0 0
27:503  0:000  OCAK: Requesting __LINKEDIT for ru.usrsse2.SMCBatteryManager - B680D3E8 at 46A1000
27:503  0:000  OCAK: Requesting SymbolTable for ru.usrsse2.SMCBatteryManager - 1213
27:507  0:003  OCAK: Patching invalid size 1000 with 1361000 for com.apple.iokit.IOSMBusFamily
27:507  0:000  OCAK: com.apple.iokit.IOSMBusFamily got KXLD 0 0
27:507  0:000  OCAK: Requesting __LINKEDIT for com.apple.iokit.IOSMBusFamily - B4F0C3E0 at 2DA0000
27:507  0:000  OCAK: Requesting SymbolTable for com.apple.iokit.IOSMBusFamily - 379
27:520  0:012  OCAK: Local relocs 809 on FFFFFF8004801000
27:521  0:000  OC: Prelinked injection Kexts\Other\VirtualSMC.kext\Contents\PlugIns\SMCBatteryManager.kext () - Success
27:521  0:000  OCAK: ru.usrsse2.SMCLightSensor got KXLD 0 0
27:521  0:000  OCAK: Requesting __LINKEDIT for ru.usrsse2.SMCLightSensor - B68253E8 at 46B9000
27:521  0:000  OCAK: Requesting SymbolTable for ru.usrsse2.SMCLightSensor - 327
27:529  0:008  OCAK: Local relocs 315 on FFFFFF8004819000
27:530  0:000  OC: Prelinked injection Kexts\Other\VirtualSMC.kext\Contents\PlugIns\SMCLightSensor.kext () - Success
27:530  0:000  OCAK: as.acidanthera.voodoo.driver.PS2Controller got KXLD 0 0
27:530  0:000  OCAK: Requesting __LINKEDIT for as.acidanthera.voodoo.driver.PS2Controller - B682E3E8 at 46C2000
27:530  0:000  OCAK: Requesting SymbolTable for as.acidanthera.voodoo.driver.PS2Controller - 1245
27:543  0:013  OCAK: Local relocs 1579 on FFFFFF8004822000
27:545  0:001  OC: Prelinked injection Kexts\Other\VoodooPS2Controller.kext () - Success
27:545  0:000  OCAK: as.acidanthera.voodoo.driver.PS2Trackpad got KXLD 0 0
27:545  0:000  OCAK: Requesting __LINKEDIT for as.acidanthera.voodoo.driver.PS2Trackpad - B6847398 at 46DB000
27:545  0:000  OCAK: Requesting SymbolTable for as.acidanthera.voodoo.driver.PS2Trackpad - 609
27:545  0:000  OCAK: Requesting SymbolTable for as.acidanthera.voodoo.driver.PS2Controller - 895
27:561  0:016  OCAK: Local relocs 1283 on FFFFFF800483B000
27:563  0:001  OC: Prelinked injection Kexts\Other\VoodooPS2Controller.kext\Contents\PlugIns\VoodooPS2Trackpad.kext () - Success
27:563  0:000  OCAK: as.acidanthera.voodoo.driver.PS2Keyboard got KXLD 0 0
27:563  0:000  OCAK: Requesting __LINKEDIT for as.acidanthera.voodoo.driver.PS2Keyboard - B686D3E8 at 4701000
27:563  0:000  OCAK: Requesting SymbolTable for as.acidanthera.voodoo.driver.PS2Keyboard - 382
27:573  0:009  OCAK: Local relocs 346 on FFFFFF8004861000
27:573  0:000  OC: Prelinked injection Kexts\Other\VoodooPS2Controller.kext\Contents\PlugIns\VoodooPS2Keyboard.kext () - Success
27:573  0:000  OCAK: as.acidanthera.voodoo.driver.PS2Mouse got KXLD 0 0
27:573  0:000  OCAK: Requesting __LINKEDIT for as.acidanthera.voodoo.driver.PS2Mouse - B687A348 at 470E000
27:573  0:000  OCAK: Requesting SymbolTable for as.acidanthera.voodoo.driver.PS2Mouse - 373
27:582  0:009  OCAK: Local relocs 338 on FFFFFF800486E000
27:583  0:000  OC: Prelinked injection Kexts\Other\VoodooPS2Controller.kext\Contents\PlugIns\VoodooPS2Mouse.kext () - Success
27:583  0:000  OCAK: me.kishorprins.VoodooInput got KXLD 0 0
27:583  0:000  OCAK: Requesting __LINKEDIT for me.kishorprins.VoodooInput - B6885398 at 4719000
27:583  0:000  OCAK: Requesting SymbolTable for me.kishorprins.VoodooInput - 1022
27:598  0:014  OCAK: Local relocs 1337 on FFFFFF8004879000
27:599  0:001  OC: Prelinked injection Kexts\Other\VoodooPS2Controller.kext\Contents\PlugIns\VoodooInput.kext () - Success
27:599  0:000  OC: Prelink size 74653696 kext offset 68161536 reserved 6492160
27:599  0:000  OCAK: KC TEXT is 65536 bytes with 64096 Mach-O headers need 1272
27:617  0:017  OCAK: Patching invalid size 1D000 with 29DC000 for com.apple.driver.AppleIntelCPUPowerManagement
27:617  0:000  OCAK: com.apple.driver.AppleIntelCPUPowerManagement got KXLD 0 0
27:695  0:078  OCAK: Patching invalid size 91000 with 10A9000 for com.apple.iokit.IOUSBHostFamily
27:695  0:000  OCAK: com.apple.iokit.IOUSBHostFamily got KXLD 0 0
27:695  0:000  Replace 0F0F87 by 400F87 at ofs:39
27:695  0:000  OCAK: 64-bit RemoveUsbLimitIoP1 replace count - 1
27:695  0:000  OCAK: Patch success port com.apple.iokit.IOUSBHostFamily
27:700  0:004  OCAK: Patching invalid size 4F000 with EFA000 for com.apple.driver.usb.AppleUSBXHCI
27:700  0:000  OCAK: com.apple.driver.usb.AppleUSBXHCI got KXLD 0 0
27:700  0:000  Replace 0F0F83 by 400F83 at ofs:561
27:700  0:000  OCAK: 64-bit RemoveUsbLimitV2 replace count - 1
27:700  0:000  OCAK: Patch success com.apple.driver.usb.AppleUSBXHCI
27:704  0:004  OCAK: Patching invalid size 2A000 with EA1000 for com.apple.driver.usb.AppleUSBXHCIPCI
27:704  0:000  OCAK: com.apple.driver.usb.AppleUSBXHCIPCI got KXLD 0 0
27:704  0:000  OCAK: Skipping legacy port patch AppleUSBXHCIPCI on 210600
27:706  0:001  Replace 444D415200 by 52414D4400 at ofs:2CA03
27:706  0:000  OCAK: 64-bit AppleIoMapper replace count - 1
27:706  0:000  OCAK: Patch success com.apple.iokit.IOPCIFamily AppleIoMapper
27:707  0:001  OCAK: Patching invalid size 6000 with 2831000 for com.apple.driver.AppleRTC
27:707  0:000  OCAK: com.apple.driver.AppleRTC got KXLD 0 0
27:707  0:000  Replace BE58000000/FFFEFFFFFF(BE58000000) by BEFFFF0000 at ofs:1AAB
27:707  0:000  Replace BE58000000/FFFEFFFFFF(BE59000000) by BEFFFF0000 at ofs:1ABB
27:707  0:000  Replace BE58000000/FFFEFFFFFF(BE58000000) by BEFFFF0000 at ofs:1D9B
27:707  0:000  Replace BE58000000/FFFEFFFFFF(BE59000000) by BEFFFF0000 at ofs:1DAC
27:707  0:000  OCAK: 64-bit DisableRtcChecksum64 replace count - 4
27:707  0:000  OCAK: Patch success com.apple.driver.AppleRTC DisableRtcChecksum
27:707  0:000  OCAK: Registering 0 APFS timeout
27:711  0:004  OCAK: Patching invalid size 17F000 with D5A000 for com.apple.filesystems.apfs
27:711  0:000  OCAK: com.apple.filesystems.apfs got KXLD 0 0
27:712  0:000  OCAK: Patch success ApfsDisableTrim
27:722  0:010  OC: Prelinked status - Success
27:722  0:000  OCABC: AllocPages 2 0x200000 (16) - Success
27:722  0:000  OCABC: AllocPages 2 0x210000 (2580) - Success
27:724  0:001  OCABC: AllocPages 2 0xC24000 (140) - Success
27:724  0:000  OCABC: AllocPages 2 0xCB0000 (980) - Success
27:725  0:000  OCABC: AllocPages 2 0x1084000 (732) - Success
27:725  0:000  OCABC: AllocPages 2 0x100000 (160) - Not Found
37:783  10:058  OCB: InternalEfiExit BF8A4818 - Aborted / Unsupported
37:784  0:000  StartImage failed : Aborted
